<?xml version="1.0" encoding="UTF-8"?>
<coverage generated="1678886400" clover="3.2.0">
  <project timestamp="1678886400">
    <file name="/path/to/project/src/ManyLines.php">
      <metrics statements="50" coveredstatements="10" conditionals="0" coveredconditionals="0" methods="5" coveredmethods="1" classes="1" coveredclasses="0" elements="55" coveredelements="11" complexity="10" loc="100" ncloc="100"/>
      <line num="5" type="stmt" count="1"/>
      <line num="10" type="stmt" count="0"/>
      <line num="11" type="stmt" count="0"/>
      <line num="12" type="stmt" count="0"/>
      <line num="15" type="stmt" count="0"/>
      <line num="16" type="stmt" count="0"/>
      <line num="20" type="stmt" count="0"/>
      <line num="25" type="stmt" count="0"/>
      <line num="26" type="stmt" count="0"/>
      <line num="27" type="stmt" count="0"/>
      <line num="30" type="stmt" count="0"/>
      <line num="35" type="stmt" count="0"/>
      <line num="36" type="stmt" count="0"/>
      <line num="40" type="stmt" count="0"/>
      <line num="45" type="stmt" count="0"/>
      <line num="50" type="stmt" count="0"/>
      <line num="55" type="stmt" count="0"/>
      <line num="60" type="stmt" count="0"/>
      <line num="65" type="stmt" count="0"/>
      <line num="70" type="stmt" count="0"/>
      <line num="75" type="stmt" count="0"/>
      <line num="80" type="stmt" count="0"/>
      <line num="85" type="stmt" count="0"/>
      <line num="90" type="stmt" count="0"/>
      <line num="95" type="stmt" count="0"/>
      <line num="100" type="stmt" count="0"/>
    </file>
  </project>
</coverage>
