<?xml version="1.0" encoding="UTF-8"?>
<coverage generated="1678886400" clover="3.2.0">
  <project timestamp="1678886400">
    <file name="/path/to/project/src/Calculator.php">
      <metrics statements="5" coveredstatements="3" conditionals="0" coveredconditionals="0" methods="2" coveredmethods="1" classes="1" coveredclasses="1" elements="7" coveredelements="4" complexity="2" loc="15" ncloc="15"/>
      <line num="5" type="method" name="add" crap="1" count="1"/>
      <line num="7" type="stmt" count="1"/>
      <line num="8" type="stmt" count="1"/>
      <line num="11" type="method" name="subtract" crap="1" count="0"/>
      <line num="13" type="stmt" count="0"/>
      <line num="14" type="stmt" count="0"/>
    </file>
    <file name="/path/to/project/src/StringUtils.php">
      <metrics statements="3" coveredstatements="3" conditionals="0" coveredconditionals="0" methods="1" coveredmethods="1" classes="1" coveredclasses="1" elements="4" coveredelements="4" complexity="1" loc="10" ncloc="10"/>
      <line num="5" type="method" name="capitalize" crap="1" count="1"/>
      <line num="7" type="stmt" count="1"/>
      <line num="8" type="stmt" count="1"/>
    </file>
  </project>
</coverage>
